generating supergraph file for test...
running gateway...
    Blocking waiting for file lock on build directory
    Finished `dev` profile [unoptimized + debuginfo] target(s) in 1.84s
     Running `target/debug/gateway audits/fed-audit-supergraph.graphql`
┐new_supergraph_state{}
└─┐build_map{}
  └─┐build_object_type{name="Book"}
    └─┐build_fields{fields_count=3}
    ┌─┘
  ┌─┘
  └─┐build_scalar_type{name="join__FieldSet"}
  ┌─┘
  └─┐build_enum_type{name="join__Graph"}
  ┌─┘
  └─┐build_scalar_type{name="link__Import"}
  ┌─┘
  └─┐build_enum_type{name="link__Purpose"}
  ┌─┘
  └─┐build_interface_type{name="Product"}
    └─┐build_fields{fields_count=1}
    ┌─┘
  ┌─┘
  └─┐build_object_type{name="Query"}
    └─┐build_fields{fields_count=1}
    ┌─┘
  ┌─┘
┌─┘
└─┐decompose_from_supergraph{graph_id="B"}
┌─┘
└─┐decompose_from_supergraph{graph_id="A"}
┌─┘
┘
┐graph_from_supergraph_state{}
└─┐build_graph{}
  ├─   0.006626s   0ms DEBUG Building graph for supergraph with 15 definitions
  └─┐build_root_nodes{}
    ├─   0.006659s   0ms DEBUG added root type for queries: Query
  ┌─┘
  └─┐link_root_edges{}
  ┌─┘
  └─┐build_field_edges{}
    ├─   0.006703s   0ms INFO [x] Creating owned field move edge 'Product.__typename/A' (type: String)
    ├─   0.006716s   0ms INFO [x] Creating field move edge 'Product.samePriceProduct/A' (type: Product)
    ├─   0.006724s   0ms INFO [x] Creating field move edge 'Product.samePriceProduct/A' (type: Product)
    ├─   0.006731s   0ms INFO [x] Creating owned field move edge 'Query.__typename/A' (type: String)
    ├─   0.006737s   0ms INFO [x] Creating field move edge 'Query.product/A' (type: Product)
    ├─   0.006743s   0ms INFO [x] Creating field move edge 'Query.product/A' (type: Product)
    ├─   0.006749s   0ms INFO [x] Creating owned field move edge 'Query.__typename/B' (type: String)
    ├─   0.006771s   0ms INFO [ ] Field 'Query.product/B' does is not available in the subgraph, skipping edge creation (type: Product)
    ├─   0.006780s   0ms INFO [x] Creating owned field move edge 'Book.__typename/A' (type: String)
    ├─   0.006788s   0ms INFO [ ] Field 'Book.price/A' is external, skipping edge creation
    ├─   0.006793s   0ms INFO [x] Creating field move edge 'Book.samePriceProduct/A' (type: Book)
    ├─   0.006799s   0ms INFO [x] Creating field move edge 'Book.samePriceProduct/A' (type: Book)
    ├─   0.006805s   0ms INFO [x] Creating field move edge 'Book.id/A' (type: ID)
    ├─   0.006813s   0ms INFO [x] Creating field move edge 'Book.id/A' (type: ID)
    ├─   0.006819s   0ms INFO [x] Creating owned field move edge 'Book.__typename/B' (type: String)
    ├─   0.006826s   0ms INFO [x] Creating field move edge 'Book.price/B' (type: Float)
    ├─   0.006831s   0ms INFO [x] Creating field move edge 'Book.price/B' (type: Float)
    ├─   0.006837s   0ms INFO [ ] Field 'Book.samePriceProduct/B' does is not available in the subgraph, skipping edge creation (type: Book)
    ├─   0.006842s   0ms INFO [x] Creating field move edge 'Book.id/B' (type: ID)
    ├─   0.006847s   0ms INFO [x] Creating field move edge 'Book.id/B' (type: ID)
  ┌─┘
  └─┐build_interface_implementation_edges{}
    ├─   0.006913s   0ms INFO Building interface implementation edge from 'Book/A' to 'Product/A'
  ┌─┘
  └─┐build_entity_reference_edges{}
    ├─   0.007020s   0ms INFO Creating self-referencing entity move edge in 'Book/A' via key 'id'
    ├─   0.007093s   0ms INFO Creating entity move edge from 'Book/A' to 'Book/B' via key 'id'
    ├─   0.007161s   0ms INFO Creating entity move edge from 'Book/B' to 'Book/A' via key 'id'
    ├─   0.007198s   0ms INFO Creating self-referencing entity move edge in 'Book/B' via key 'id'
  ┌─┘
  └─┐build_viewed_field_edges{}
    ├─   0.007265s   0ms INFO Creating viewed (#1) link for provided field 'Book.samePriceProduct/"A"' (type: Book)
    └─┐handle_viewed_selection_set{graph_id="A", view_id=1, parent_type_name="Book"}
      ├─   0.007292s   0ms INFO Upserting graph viewed node for 'Float.A'
      ├─   0.007299s   0ms INFO Creating viewed (#1) field edge for 'Book.price' (type: Float)
    ┌─┘
  ┌─┘
┌─┘
┘
   0.064292s INFO Starting server on http://localhost:4000

thread 'main' panicked at bin/gateway/src/main.rs:70:6:
Failed to bind server: Os { code: 98, kind: AddrInUse, message: "Address already in use" }
note: run with `RUST_BACKTRACE=1` environment variable to display a backtrace
