generating supergraph file for test...
running gateway...
    Finished `dev` profile [unoptimized + debuginfo] target(s) in 0.14s
     Running `target/debug/gateway audits/fed-audit-supergraph.graphql`
┐new_supergraph_state{}
└─┐build_map{}
  └─┐build_interface_type{name="Address"}
    └─┐build_fields{fields_count=1}
    ┌─┘
  ┌─┘
  └─┐build_object_type{name="HomeAddress"}
    └─┐build_fields{fields_count=2}
    ┌─┘
  ┌─┘
  └─┐build_scalar_type{name="join__FieldSet"}
  ┌─┘
  └─┐build_enum_type{name="join__Graph"}
  ┌─┘
  └─┐build_scalar_type{name="link__Import"}
  ┌─┘
  └─┐build_enum_type{name="link__Purpose"}
  ┌─┘
  └─┐build_object_type{name="Query"}
    └─┐build_fields{fields_count=2}
    ┌─┘
  ┌─┘
  └─┐build_object_type{name="SecondAddress"}
    └─┐build_fields{fields_count=2}
    ┌─┘
  ┌─┘
  └─┐build_object_type{name="User"}
    └─┐build_fields{fields_count=5}
    ┌─┘
  ┌─┘
  └─┐build_object_type{name="WorkAddress"}
    └─┐build_fields{fields_count=2}
    ┌─┘
  ┌─┘
┌─┘
└─┐decompose_from_supergraph{graph_id="A"}
┌─┘
└─┐decompose_from_supergraph{graph_id="B"}
┌─┘
┘
┐graph_from_supergraph_state{}
└─┐build_graph{}
  ├─   0.007012s   0ms DEBUG Building graph for supergraph with 18 definitions
  └─┐build_root_nodes{}
    ├─   0.007055s   0ms DEBUG added root type for queries: Query
  ┌─┘
  └─┐link_root_edges{}
  ┌─┘
  └─┐build_field_edges{}
    ├─   0.007106s   0ms INFO [x] Creating owned field move edge 'SecondAddress.__typename/B' (type: String)
    ├─   0.007121s   0ms INFO [x] Creating field move edge 'SecondAddress.id/B' (type: ID)
    ├─   0.007130s   0ms INFO [x] Creating field move edge 'SecondAddress.id/B' (type: ID)
    ├─   0.007136s   0ms INFO [x] Creating field move edge 'SecondAddress.city/B' (type: String)
    ├─   0.007142s   0ms INFO [x] Creating field move edge 'SecondAddress.city/B' (type: String)
    ├─   0.007149s   0ms INFO [x] Creating owned field move edge 'User.__typename/A' (type: String)

thread 'main' panicked at lib/query-planner/src/state/selection_resolver.rs:113:21:
not implemented: not supported yet: unexpected selection in selection-resolver
note: run with `RUST_BACKTRACE=1` environment variable to display a backtrace
  ┌─┘
┌─┘
┘
